<?xml version="1.0" encoding="UTF-8"?>
<!-- Generated by org.testng.reporters.JUnitXMLReporter -->
<testsuite ignored="12" hostname="DESKTOP-493EAAE" failures="0" tests="29" name="Testingbaba" time="20.275" errors="0" timestamp="2022-04-18T20:18:03 IST">
  <testcase classname="testingbaba.Testingbaba_autocomplete_test" name="@BeforeTest launchtestingbaba" time="9.64">
    <failure type="org.openqa.selenium.ElementClickInterceptedException" message="element click intercepted: Element &amp;lt;a class=&amp;quot;nav-link&amp;quot; href=&amp;quot;newdemo.html&amp;quot;&amp;gt;...&amp;lt;/a&amp;gt; is not clickable at point (601, 40). Other element would receive the click: &amp;lt;div class=&amp;quot;modal-header&amp;quot;&amp;gt;...&amp;lt;/div&amp;gt;
  (Session info: MicrosoftEdge=100.0.1185.44)
Build info: version: &amp;apos;4.1.2&amp;apos;, revision: &amp;apos;9a5a329c5a&amp;apos;
System info: host: &amp;apos;DESKTOP-493EAAE&amp;apos;, ip: &amp;apos;192.168.1.6&amp;apos;, os.name: &amp;apos;Windows 11&amp;apos;, os.arch: &amp;apos;amd64&amp;apos;, os.version: &amp;apos;10.0&amp;apos;, java.version: &amp;apos;17.0.2&amp;apos;
Driver info: org.openqa.selenium.edge.EdgeDriver
Command: [3104236b6379d24c1203da3c9bc3da3d, clickElement {id=06b675ed-ddd9-4bd8-8ce9-dbab2aaf19fa}]
Capabilities {acceptInsecureCerts: false, browserName: msedge, browserVersion: 100.0.1185.44, javascriptEnabled: true, ms:edgeOptions: {debuggerAddress: localhost:56045}, msedge: {msedgedriverVersion: 100.0.1154.0 (56beb5bffefef..., userDataDir: C:\Users\dubey\AppData\Loca...}, networkConnectionEnabled: false, pageLoadStrategy: normal, platform: WINDOWS, platformName: WINDOWS, proxy: Proxy(), se:cdp: ws://localhost:56045/devtoo..., se:cdpVersion: 100.0.1185.44, setWindowRect: true, strictFileInteractability: false, timeouts: {implicit: 0, pageLoad: 300000, script: 30000}, unhandledPromptBehavior: dismiss and notify, webauthn:extension:credBlob: true, webauthn:extension:largeBlob: true, webauthn:virtualAuthenticators: true}
Element: [[EdgeDriver: msedge on WINDOWS (3104236b6379d24c1203da3c9bc3da3d)] -&amp;gt; xpath: //*[@id=&amp;quot;navbarSupportedContent&amp;quot;]/ul/li[5]/a]
Session ID: 3104236b6379d24c1203da3c9bc3da3d">
      <![CDATA[org.openqa.selenium.ElementClickInterceptedException: element click intercepted: Element <a class="nav-link" href="newdemo.html">...</a> is not clickable at point (601, 40). Other element would receive the click: <div class="modal-header">...</div>
  (Session info: MicrosoftEdge=100.0.1185.44)
Build info: version: '4.1.2', revision: '9a5a329c5a'
System info: host: 'DESKTOP-493EAAE', ip: '192.168.1.6', os.name: 'Windows 11', os.arch: 'amd64', os.version: '10.0', java.version: '17.0.2'
Driver info: org.openqa.selenium.edge.EdgeDriver
Command: [3104236b6379d24c1203da3c9bc3da3d, clickElement {id=06b675ed-ddd9-4bd8-8ce9-dbab2aaf19fa}]
Capabilities {acceptInsecureCerts: false, browserName: msedge, browserVersion: 100.0.1185.44, javascriptEnabled: true, ms:edgeOptions: {debuggerAddress: localhost:56045}, msedge: {msedgedriverVersion: 100.0.1154.0 (56beb5bffefef..., userDataDir: C:\Users\dubey\AppData\Loca...}, networkConnectionEnabled: false, pageLoadStrategy: normal, platform: WINDOWS, platformName: WINDOWS, proxy: Proxy(), se:cdp: ws://localhost:56045/devtoo..., se:cdpVersion: 100.0.1185.44, setWindowRect: true, strictFileInteractability: false, timeouts: {implicit: 0, pageLoad: 300000, script: 30000}, unhandledPromptBehavior: dismiss and notify, webauthn:extension:credBlob: true, webauthn:extension:largeBlob: true, webauthn:virtualAuthenticators: true}
Element: [[EdgeDriver: msedge on WINDOWS (3104236b6379d24c1203da3c9bc3da3d)] -> xpath: //*[@id="navbarSupportedContent"]/ul/li[5]/a]
Session ID: 3104236b6379d24c1203da3c9bc3da3d
at org.openqa.selenium.remote.codec.w3c.W3CHttpResponseCodec.createException(W3CHttpResponseCodec.java:200)
at org.openqa.selenium.remote.codec.w3c.W3CHttpResponseCodec.decode(W3CHttpResponseCodec.java:133)
at org.openqa.selenium.remote.codec.w3c.W3CHttpResponseCodec.decode(W3CHttpResponseCodec.java:53)
at org.openqa.selenium.remote.HttpCommandExecutor.execute(HttpCommandExecutor.java:184)
at org.openqa.selenium.remote.service.DriverCommandExecutor.invokeExecute(DriverCommandExecutor.java:167)
at org.openqa.selenium.remote.service.DriverCommandExecutor.execute(DriverCommandExecutor.java:142)
at org.openqa.selenium.remote.RemoteWebDriver.execute(RemoteWebDriver.java:558)
at org.openqa.selenium.remote.RemoteWebElement.execute(RemoteWebElement.java:251)
at org.openqa.selenium.remote.RemoteWebElement.click(RemoteWebElement.java:77)
at org.openqa.selenium.support.pagefactory.internal.LocatingElementHandler.invoke(LocatingElementHandler.java:52)
at jdk.proxy2/jdk.proxy2.$Proxy33.click(Unknown Source)
at applicationutility.Applicationutility.clickme(Applicationutility.java:62)
at pages.Testingbaba_autocomplete_page.closebtn(Testingbaba_autocomplete_page.java:49)
at testingbaba.Testingbaba_autocomplete_test.launchtestingbaba(Testingbaba_autocomplete_test.java:42)
... Removed 33 stack frames]]>
    </failure>
  </testcase> <!-- @BeforeTest launchtestingbaba -->
  <testcase classname="testingbaba.Testingbaba_buttons_test" name="@BeforeTest launchtestingbaba" time="-1.650293282868E9">
    <skipped/>
  </testcase> <!-- @BeforeTest launchtestingbaba -->
  <testcase classname="testingbaba.Testingbaba_checkbox_test" name="@BeforeTest launchtestingbaba" time="-1.650293282876E9">
    <skipped/>
  </testcase> <!-- @BeforeTest launchtestingbaba -->
  <testcase classname="testingbaba.Testingbaba_dropdown_test" name="@BeforeTest launchtestingbaba" time="-1.650293282879E9">
    <skipped/>
  </testcase> <!-- @BeforeTest launchtestingbaba -->
  <testcase classname="testingbaba.Testingbaba_launch_test" name="@BeforeTest launchtestingbaba" time="-1.650293282882E9">
    <skipped/>
  </testcase> <!-- @BeforeTest launchtestingbaba -->
  <testcase classname="testingbaba.Testingbaba_links_test" name="@BeforeTest launchtestingbaba" time="-1.650293282888E9">
    <skipped/>
  </testcase> <!-- @BeforeTest launchtestingbaba -->
  <testcase classname="testingbaba.Testingbaba_menu_test" name="@BeforeTest launchtestingbaba" time="-1.650293282894E9">
    <skipped/>
  </testcase> <!-- @BeforeTest launchtestingbaba -->
  <testcase classname="testingbaba.Testingbaba_mousehover_test" name="@BeforeTest launchtestingbaba" time="-1.650293282896E9">
    <skipped/>
  </testcase> <!-- @BeforeTest launchtestingbaba -->
  <testcase classname="testingbaba.Testingbaba_radio_test" name="@BeforeTest launchtestingbaba" time="-1.650293282897E9">
    <skipped/>
  </testcase> <!-- @BeforeTest launchtestingbaba -->
  <testcase classname="testingbaba.Testingbaba_textbox_test" name="@BeforeTest launchtestingbaba" time="-1.650293282899E9">
    <skipped/>
  </testcase> <!-- @BeforeTest launchtestingbaba -->
  <testcase classname="testingbaba.Testingbaba_upload_test" name="@BeforeTest launchtestingbaba" time="-1.650293282902E9">
    <skipped/>
  </testcase> <!-- @BeforeTest launchtestingbaba -->
  <testcase classname="testingbaba.Testingbaba_webtables_test" name="@BeforeTest launchtestingbaba" time="-1.650293282907E9">
    <skipped/>
  </testcase> <!-- @BeforeTest launchtestingbaba -->
  <testcase classname="baselibrary.Baselibrary" name="@AfterTest Teardown2" time="-1.650293283327E9">
    <skipped/>
  </testcase> <!-- @AfterTest Teardown2 -->
  <testcase classname="testingbaba.TestingbabaAlerts_Frame_test" name="AlertsTestingBaba_test01" time="0.0">
    <skipped/>
  </testcase> <!-- AlertsTestingBaba_test01 -->
  <testcase classname="testingbaba.TestingbabaAlerts_Frame_test" name="AlertsTestingBaba_test02" time="0.0">
    <skipped/>
  </testcase> <!-- AlertsTestingBaba_test02 -->
  <testcase classname="testingbaba.TestingbabaAlerts_Frame_test" name="AlertsTestingBaba_test03" time="0.0">
    <skipped/>
  </testcase> <!-- AlertsTestingBaba_test03 -->
  <testcase classname="testingbaba.TestingbabaAlerts_Frame_test" name="AlertsTestingBaba_test04" time="0.0">
    <skipped/>
  </testcase> <!-- AlertsTestingBaba_test04 -->
  <testcase classname="testingbaba.TestingbabaAlerts_Frame_test" name="AlertsTestingBaba_test05" time="0.0">
    <skipped/>
  </testcase> <!-- AlertsTestingBaba_test05 -->
  <testcase classname="testingbaba.Testingbaba_autocomplete_test" name="AutocompleteTestingBaba_test01" time="0.0">
    <skipped/>
  </testcase> <!-- AutocompleteTestingBaba_test01 -->
  <testcase classname="testingbaba.Testingbaba_autocomplete_test" name="AutocompleteTestingBaba_test02" time="0.0">
    <skipped/>
  </testcase> <!-- AutocompleteTestingBaba_test02 -->
  <testcase classname="testingbaba.Testingbaba_autocomplete_test" name="AutocompleteTestingBaba_test03" time="0.0">
    <skipped/>
  </testcase> <!-- AutocompleteTestingBaba_test03 -->
  <testcase classname="testingbaba.Testingbaba_buttons_test" name="ButtonsTestingBaba_test01" time="0.0">
    <skipped/>
  </testcase> <!-- ButtonsTestingBaba_test01 -->
  <testcase classname="testingbaba.Testingbaba_buttons_test" name="ButtonsTestingBaba_test02" time="0.0">
    <skipped/>
  </testcase> <!-- ButtonsTestingBaba_test02 -->
  <testcase classname="testingbaba.Testingbaba_buttons_test" name="ButtonsTestingBaba_test03" time="0.0">
    <skipped/>
  </testcase> <!-- ButtonsTestingBaba_test03 -->
  <testcase classname="testingbaba.Testingbaba_checkbox_test" name="CheckboxTestingBaba_test01" time="0.0">
    <skipped/>
  </testcase> <!-- CheckboxTestingBaba_test01 -->
  <testcase classname="testingbaba.Testingbaba_checkbox_test" name="CheckboxTestingBaba_test02" time="0.0">
    <skipped/>
  </testcase> <!-- CheckboxTestingBaba_test02 -->
  <testcase classname="testingbaba.Testingbaba_checkbox_test" name="CheckboxTestingBaba_test03" time="0.0">
    <skipped/>
  </testcase> <!-- CheckboxTestingBaba_test03 -->
  <testcase classname="testingbaba.Testingbaba_dropdown_test" name="DropdownTestingBaba_test01" time="0.0">
    <skipped/>
  </testcase> <!-- DropdownTestingBaba_test01 -->
  <testcase classname="testingbaba.Testingbaba_launch_test" name="LaunchTestingBaba_test01" time="0.0">
    <skipped/>
  </testcase> <!-- LaunchTestingBaba_test01 -->
  <testcase classname="testingbaba.Testingbaba_links_test" name="LinksTestingBaba_test01" time="0.0">
    <skipped/>
  </testcase> <!-- LinksTestingBaba_test01 -->
  <testcase classname="testingbaba.Testingbaba_links_test" name="LinksTestingBaba_test02" time="0.0">
    <skipped/>
  </testcase> <!-- LinksTestingBaba_test02 -->
  <testcase classname="testingbaba.Testingbaba_menu_test" name="MenuTestingBaba_test01" time="0.0">
    <skipped/>
  </testcase> <!-- MenuTestingBaba_test01 -->
  <testcase classname="testingbaba.Testingbaba_mousehover_test" name="MousehoverTestingBaba_test01" time="0.0">
    <skipped/>
  </testcase> <!-- MousehoverTestingBaba_test01 -->
  <testcase classname="testingbaba.Testingbaba_mousehover_test" name="MousehoverTestingBaba_test02" time="0.0">
    <skipped/>
  </testcase> <!-- MousehoverTestingBaba_test02 -->
  <testcase classname="testingbaba.Testingbaba_radio_test" name="RadioButtonTestingBaba_test01" time="0.0">
    <skipped/>
  </testcase> <!-- RadioButtonTestingBaba_test01 -->
  <testcase classname="testingbaba.Testingbaba_textbox_test" name="TextboxTestingBaba_test01" time="0.0">
    <skipped/>
  </testcase> <!-- TextboxTestingBaba_test01 -->
  <testcase classname="testingbaba.Testingbaba_textbox_test" name="TextboxTestingBaba_test02" time="0.0">
    <skipped/>
  </testcase> <!-- TextboxTestingBaba_test02 -->
  <testcase classname="testingbaba.Testingbaba_textbox_test" name="TextboxTestingBaba_test03" time="0.0">
    <skipped/>
  </testcase> <!-- TextboxTestingBaba_test03 -->
  <testcase classname="testingbaba.Testingbaba_textbox_test" name="TextboxTestingBaba_test04" time="0.0">
    <skipped/>
  </testcase> <!-- TextboxTestingBaba_test04 -->
  <testcase classname="testingbaba.Testingbaba_upload_test" name="UploadFileTestingBaba_test01" time="0.0">
    <skipped/>
  </testcase> <!-- UploadFileTestingBaba_test01 -->
  <testcase classname="testingbaba.Testingbaba_upload_test" name="UploadFileTestingBaba_test02" time="0.0">
    <skipped/>
  </testcase> <!-- UploadFileTestingBaba_test02 -->
  <testcase classname="testingbaba.Testingbaba_webtables_test" name="WebTablesTestingBaba_test01" time="0.0">
    <skipped/>
  </testcase> <!-- WebTablesTestingBaba_test01 -->
  <testcase classname="baselibrary.Baselibrary" name="@AfterTest Teardown2" time="0.0">
    <ignored/>
  </testcase> <!-- @AfterTest Teardown2 -->
  <testcase classname="baselibrary.Baselibrary" name="@AfterTest Teardown2" time="0.0">
    <ignored/>
  </testcase> <!-- @AfterTest Teardown2 -->
  <testcase classname="baselibrary.Baselibrary" name="@AfterTest Teardown2" time="0.0">
    <ignored/>
  </testcase> <!-- @AfterTest Teardown2 -->
  <testcase classname="baselibrary.Baselibrary" name="@AfterTest Teardown2" time="0.0">
    <ignored/>
  </testcase> <!-- @AfterTest Teardown2 -->
  <testcase classname="baselibrary.Baselibrary" name="@AfterTest Teardown2" time="0.0">
    <ignored/>
  </testcase> <!-- @AfterTest Teardown2 -->
  <testcase classname="baselibrary.Baselibrary" name="@AfterTest Teardown2" time="0.0">
    <ignored/>
  </testcase> <!-- @AfterTest Teardown2 -->
  <testcase classname="baselibrary.Baselibrary" name="@AfterTest Teardown2" time="0.0">
    <ignored/>
  </testcase> <!-- @AfterTest Teardown2 -->
  <testcase classname="baselibrary.Baselibrary" name="@AfterTest Teardown2" time="0.0">
    <ignored/>
  </testcase> <!-- @AfterTest Teardown2 -->
  <testcase classname="baselibrary.Baselibrary" name="@AfterTest Teardown2" time="0.0">
    <ignored/>
  </testcase> <!-- @AfterTest Teardown2 -->
  <testcase classname="baselibrary.Baselibrary" name="@AfterTest Teardown2" time="0.0">
    <ignored/>
  </testcase> <!-- @AfterTest Teardown2 -->
  <testcase classname="baselibrary.Baselibrary" name="@AfterTest Teardown2" time="0.0">
    <ignored/>
  </testcase> <!-- @AfterTest Teardown2 -->
  <testcase classname="baselibrary.Baselibrary" name="@AfterTest Teardown2" time="0.0">
    <ignored/>
  </testcase> <!-- @AfterTest Teardown2 -->
</testsuite> <!-- Testingbaba -->
